2019-12-01 19:54:20,133 DEBUG com.epam.buscompany.service.aspect.LoggingAspect [main] Running method:findByNumber
2019-12-01 19:54:20,836 DEBUG com.epam.buscompany.service.aspect.LoggingAspect [main] Running method:findByRegisterNumber
2019-12-01 19:54:20,887 DEBUG com.epam.buscompany.service.aspect.LoggingAspect [main] Running method:findByNumber
2019-12-01 19:54:21,425 DEBUG com.epam.buscompany.service.aspect.LoggingAspect [main] Finished method:findByNumber
2019-12-01 19:54:21,439 DEBUG com.epam.buscompany.service.aspect.LoggingAspect [main] Finished method:findByRegisterNumber
2019-12-01 19:54:22,861 DEBUG com.epam.buscompany.service.aspect.LoggingAspect [main] Running method:getBusList
2019-12-01 19:54:22,863 DEBUG com.epam.buscompany.service.aspect.LoggingAspect [main] Running method:findAll
2019-12-01 19:54:23,452 DEBUG com.epam.buscompany.service.aspect.LoggingAspect [main] Finished method:findAll
2019-12-01 19:54:23,455 DEBUG com.epam.buscompany.service.aspect.LoggingAspect [main] Finished method:getBusList
2019-12-01 19:54:23,479 DEBUG com.epam.buscompany.service.aspect.LoggingAspect [main] Running method:findAll
2019-12-01 19:54:23,648 DEBUG com.epam.buscompany.service.aspect.LoggingAspect [main] Finished method:findAll
2019-12-01 19:54:24,189 DEBUG com.epam.buscompany.service.aspect.LoggingAspect [main] Running method:checkForBooking
2019-12-01 19:54:24,193 DEBUG com.epam.buscompany.service.aspect.LoggingAspect [main] Running method:findByNumber
2019-12-01 19:54:24,453 DEBUG com.epam.buscompany.service.aspect.LoggingAspect [main] Finished method:findByNumber
2019-12-01 19:54:24,465 DEBUG com.epam.buscompany.service.aspect.LoggingAspect [main] Finished method:checkForBooking
2019-12-01 19:54:24,517 DEBUG com.epam.buscompany.service.aspect.LoggingAspect [main] Running method:deleteRoute
2019-12-01 19:54:24,548 DEBUG com.epam.buscompany.service.aspect.LoggingAspect [main] Running method:remove
2019-12-01 19:54:25,058 DEBUG com.epam.buscompany.service.aspect.LoggingAspect [main] Finished method:remove
2019-12-01 19:54:25,060 DEBUG com.epam.buscompany.service.aspect.LoggingAspect [main] Finished method:deleteRoute
2019-12-01 19:54:25,067 DEBUG com.epam.buscompany.service.aspect.LoggingAspect [main] Running method:getBusList
2019-12-01 19:54:25,068 DEBUG com.epam.buscompany.service.aspect.LoggingAspect [main] Running method:findAll
2019-12-01 19:54:25,351 DEBUG com.epam.buscompany.service.aspect.LoggingAspect [main] Finished method:findAll
2019-12-01 19:54:25,353 DEBUG com.epam.buscompany.service.aspect.LoggingAspect [main] Finished method:getBusList
2019-12-01 19:54:25,359 DEBUG com.epam.buscompany.service.aspect.LoggingAspect [main] Running method:findAll
2019-12-01 19:54:25,577 DEBUG com.epam.buscompany.service.aspect.LoggingAspect [main] Finished method:findAll
2019-12-01 19:54:25,606 DEBUG com.epam.buscompany.service.aspect.LoggingAspect [main] Running method:postRoute
2019-12-01 19:54:25,618 DEBUG com.epam.buscompany.service.aspect.LoggingAspect [main] Running method:create
2019-12-01 19:54:25,719 DEBUG com.epam.buscompany.service.aspect.LoggingAspect [main] Finished method:create
2019-12-01 19:54:25,942 ERROR org.hibernate.engine.jdbc.spi.SqlExceptionHelper [main] ОШИБКА: повторяющееся значение ключа нарушает ограничение уникальности "route_pkey"
  Подробности: Ключ "(id)=(1)" уже существует.
2019-12-01 19:54:25,981 DEBUG com.epam.buscompany.service.aspect.LoggingAspect [main] Running method:findByRouteNumber
2019-12-01 19:54:25,983 DEBUG com.epam.buscompany.service.aspect.LoggingAspect [main] Running method:findByNumber
2019-12-01 19:54:26,264 DEBUG com.epam.buscompany.service.aspect.LoggingAspect [main] Finished method:findByNumber
2019-12-01 19:54:26,266 DEBUG com.epam.buscompany.service.aspect.LoggingAspect [main] Finished method:findByRouteNumber
2019-12-01 19:54:28,565 ERROR org.hibernate.engine.jdbc.spi.SqlExceptionHelper [main] ОШИБКА: повторяющееся значение ключа нарушает ограничение уникальности "route_pkey"
  Подробности: Ключ "(id)=(2)" уже существует.
2019-12-01 19:54:32,435 ERROR org.hibernate.engine.jdbc.spi.SqlExceptionHelper [main] ОШИБКА: повторяющееся значение ключа нарушает ограничение уникальности "garage_pkey"
  Подробности: Ключ "(id)=(4)" уже существует.
2019-12-01 19:54:33,036 ERROR org.hibernate.engine.jdbc.spi.SqlExceptionHelper [main] ОШИБКА: повторяющееся значение ключа нарушает ограничение уникальности "route_pkey"
  Подробности: Ключ "(id)=(5)" уже существует.
2019-12-01 20:34:36,302 ERROR org.springframework.test.context.TestContextManager [main] Caught exception while allowing TestExecutionListener [org.springframework.test.context.web.ServletTestExecutionListener@147cc940] to prepare test instance [com.epam.buscompany.dao.impl.BusDaoImplTest@755a7218]
java.lang.IllegalStateException: Failed to load ApplicationContext
	at org.springframework.test.context.cache.DefaultCacheAwareContextLoaderDelegate.loadContext(DefaultCacheAwareContextLoaderDelegate.java:124)
	at org.springframework.test.context.support.DefaultTestContext.getApplicationContext(DefaultTestContext.java:83)
	at org.springframework.test.context.web.ServletTestExecutionListener.setUpRequestContextIfNecessary(ServletTestExecutionListener.java:189)
	at org.springframework.test.context.web.ServletTestExecutionListener.prepareTestInstance(ServletTestExecutionListener.java:131)
	at org.springframework.test.context.TestContextManager.prepareTestInstance(TestContextManager.java:230)
	at org.springframework.test.context.junit4.SpringJUnit4ClassRunner.createTest(SpringJUnit4ClassRunner.java:228)
	at org.springframework.test.context.junit4.SpringJUnit4ClassRunner$1.runReflectiveCall(SpringJUnit4ClassRunner.java:287)
	at org.junit.internal.runners.model.ReflectiveCallable.run(ReflectiveCallable.java:12)
	at org.springframework.test.context.junit4.SpringJUnit4ClassRunner.methodBlock(SpringJUnit4ClassRunner.java:289)
	at org.springframework.test.context.junit4.SpringJUnit4ClassRunner.runChild(SpringJUnit4ClassRunner.java:247)
	at org.springframework.test.context.junit4.SpringJUnit4ClassRunner.runChild(SpringJUnit4ClassRunner.java:94)
	at org.junit.runners.ParentRunner$3.run(ParentRunner.java:290)
	at org.junit.runners.ParentRunner$1.schedule(ParentRunner.java:71)
	at org.junit.runners.ParentRunner.runChildren(ParentRunner.java:288)
	at org.junit.runners.ParentRunner.access$000(ParentRunner.java:58)
	at org.junit.runners.ParentRunner$2.evaluate(ParentRunner.java:268)
	at org.junit.internal.runners.statements.RunBefores.evaluate(RunBefores.java:26)
	at org.springframework.test.context.junit4.statements.RunBeforeTestClassCallbacks.evaluate(RunBeforeTestClassCallbacks.java:61)
	at org.junit.internal.runners.statements.RunAfters.evaluate(RunAfters.java:27)
	at org.springframework.test.context.junit4.statements.RunAfterTestClassCallbacks.evaluate(RunAfterTestClassCallbacks.java:70)
	at org.junit.runners.ParentRunner.run(ParentRunner.java:363)
	at org.springframework.test.context.junit4.SpringJUnit4ClassRunner.run(SpringJUnit4ClassRunner.java:191)
	at org.junit.runner.JUnitCore.run(JUnitCore.java:137)
	at com.intellij.junit4.JUnit4IdeaTestRunner.startRunnerWithArgs(JUnit4IdeaTestRunner.java:68)
	at com.intellij.rt.execution.junit.IdeaTestRunner$Repeater.startRunnerWithArgs(IdeaTestRunner.java:47)
	at com.intellij.rt.execution.junit.JUnitStarter.prepareStreamsAndStart(JUnitStarter.java:242)
	at com.intellij.rt.execution.junit.JUnitStarter.main(JUnitStarter.java:70)
Caused by: org.springframework.beans.factory.UnsatisfiedDependencyException: Error creating bean with name 'busController': Unsatisfied dependency expressed through field 'busService'; nested exception is org.springframework.beans.factory.BeanCreationException: Error creating bean with name 'busServiceImpl' defined in com.epam.buscompany.config.AppConfig: Bean instantiation via factory method failed; nested exception is org.springframework.beans.BeanInstantiationException: Failed to instantiate [com.epam.buscompany.service.impl.BusServiceImpl]: Factory method 'busService' threw exception; nested exception is org.springframework.beans.factory.UnsatisfiedDependencyException: Error creating bean with name 'busDaoImpl': Unsatisfied dependency expressed through field 'sessionFactory'; nested exception is org.springframework.beans.factory.BeanCreationException: Error creating bean with name 'sessionFactory' defined in com.epam.buscompany.config.AppConfig: Bean instantiation via factory method failed; nested exception is org.springframework.beans.BeanInstantiationException: Failed to instantiate [org.hibernate.SessionFactory]: Factory method 'sessionFactory' threw exception; nested exception is org.hibernate.MappingException: Could not instantiate id generator [entity-name=com.epam.buscompany.model.entity.Stage]
	at org.springframework.beans.factory.annotation.AutowiredAnnotationBeanPostProcessor$AutowiredFieldElement.inject(AutowiredAnnotationBeanPostProcessor.java:639)
	at org.springframework.beans.factory.annotation.InjectionMetadata.inject(InjectionMetadata.java:116)
	at org.springframework.beans.factory.annotation.AutowiredAnnotationBeanPostProcessor.postProcessProperties(AutowiredAnnotationBeanPostProcessor.java:397)
	at org.springframework.beans.factory.support.AbstractAutowireCapableBeanFactory.populateBean(AbstractAutowireCapableBeanFactory.java:1429)
	at org.springframework.beans.factory.support.AbstractAutowireCapableBeanFactory.doCreateBean(AbstractAutowireCapableBeanFactory.java:594)
	at org.springframework.beans.factory.support.AbstractAutowireCapableBeanFactory.createBean(AbstractAutowireCapableBeanFactory.java:517)
	at org.springframework.beans.factory.support.AbstractBeanFactory.lambda$doGetBean$0(AbstractBeanFactory.java:323)
	at org.springframework.beans.factory.support.DefaultSingletonBeanRegistry.getSingleton(DefaultSingletonBeanRegistry.java:222)
	at org.springframework.beans.factory.support.AbstractBeanFactory.doGetBean(AbstractBeanFactory.java:321)
	at org.springframework.beans.factory.support.AbstractBeanFactory.getBean(AbstractBeanFactory.java:202)
	at org.springframework.beans.factory.support.DefaultListableBeanFactory.preInstantiateSingletons(DefaultListableBeanFactory.java:879)
	at org.springframework.context.support.AbstractApplicationContext.finishBeanFactoryInitialization(AbstractApplicationContext.java:878)
	at org.springframework.context.support.AbstractApplicationContext.refresh(AbstractApplicationContext.java:550)
	at org.springframework.test.context.web.AbstractGenericWebContextLoader.loadContext(AbstractGenericWebContextLoader.java:134)
	at org.springframework.test.context.web.AbstractGenericWebContextLoader.loadContext(AbstractGenericWebContextLoader.java:61)
	at org.springframework.test.context.support.AbstractDelegatingSmartContextLoader.delegateLoading(AbstractDelegatingSmartContextLoader.java:108)
	at org.springframework.test.context.support.AbstractDelegatingSmartContextLoader.loadContext(AbstractDelegatingSmartContextLoader.java:251)
	at org.springframework.test.context.cache.DefaultCacheAwareContextLoaderDelegate.loadContextInternal(DefaultCacheAwareContextLoaderDelegate.java:98)
	at org.springframework.test.context.cache.DefaultCacheAwareContextLoaderDelegate.loadContext(DefaultCacheAwareContextLoaderDelegate.java:116)
	... 26 common frames omitted
Caused by: org.springframework.beans.factory.BeanCreationException: Error creating bean with name 'busServiceImpl' defined in com.epam.buscompany.config.AppConfig: Bean instantiation via factory method failed; nested exception is org.springframework.beans.BeanInstantiationException: Failed to instantiate [com.epam.buscompany.service.impl.BusServiceImpl]: Factory method 'busService' threw exception; nested exception is org.springframework.beans.factory.UnsatisfiedDependencyException: Error creating bean with name 'busDaoImpl': Unsatisfied dependency expressed through field 'sessionFactory'; nested exception is org.springframework.beans.factory.BeanCreationException: Error creating bean with name 'sessionFactory' defined in com.epam.buscompany.config.AppConfig: Bean instantiation via factory method failed; nested exception is org.springframework.beans.BeanInstantiationException: Failed to instantiate [org.hibernate.SessionFactory]: Factory method 'sessionFactory' threw exception; nested exception is org.hibernate.MappingException: Could not instantiate id generator [entity-name=com.epam.buscompany.model.entity.Stage]
	at org.springframework.beans.factory.support.ConstructorResolver.instantiate(ConstructorResolver.java:645)
	at org.springframework.beans.factory.support.ConstructorResolver.instantiateUsingFactoryMethod(ConstructorResolver.java:475)
	at org.springframework.beans.factory.support.AbstractAutowireCapableBeanFactory.instantiateUsingFactoryMethod(AbstractAutowireCapableBeanFactory.java:1338)
	at org.springframework.beans.factory.support.AbstractAutowireCapableBeanFactory.createBeanInstance(AbstractAutowireCapableBeanFactory.java:1177)
	at org.springframework.beans.factory.support.AbstractAutowireCapableBeanFactory.doCreateBean(AbstractAutowireCapableBeanFactory.java:557)
	at org.springframework.beans.factory.support.AbstractAutowireCapableBeanFactory.createBean(AbstractAutowireCapableBeanFactory.java:517)
	at org.springframework.beans.factory.support.AbstractBeanFactory.lambda$doGetBean$0(AbstractBeanFactory.java:323)
	at org.springframework.beans.factory.support.DefaultSingletonBeanRegistry.getSingleton(DefaultSingletonBeanRegistry.java:222)
	at org.springframework.beans.factory.support.AbstractBeanFactory.doGetBean(AbstractBeanFactory.java:321)
	at org.springframework.beans.factory.support.AbstractBeanFactory.getBean(AbstractBeanFactory.java:202)
	at org.springframework.beans.factory.config.DependencyDescriptor.resolveCandidate(DependencyDescriptor.java:276)
	at org.springframework.beans.factory.support.DefaultListableBeanFactory.doResolveDependency(DefaultListableBeanFactory.java:1287)
	at org.springframework.beans.factory.support.DefaultListableBeanFactory.resolveDependency(DefaultListableBeanFactory.java:1207)
	at org.springframework.beans.factory.annotation.AutowiredAnnotationBeanPostProcessor$AutowiredFieldElement.inject(AutowiredAnnotationBeanPostProcessor.java:636)
	... 44 common frames omitted
Caused by: org.springframework.beans.BeanInstantiationException: Failed to instantiate [com.epam.buscompany.service.impl.BusServiceImpl]: Factory method 'busService' threw exception; nested exception is org.springframework.beans.factory.UnsatisfiedDependencyException: Error creating bean with name 'busDaoImpl': Unsatisfied dependency expressed through field 'sessionFactory'; nested exception is org.springframework.beans.factory.BeanCreationException: Error creating bean with name 'sessionFactory' defined in com.epam.buscompany.config.AppConfig: Bean instantiation via factory method failed; nested exception is org.springframework.beans.BeanInstantiationException: Failed to instantiate [org.hibernate.SessionFactory]: Factory method 'sessionFactory' threw exception; nested exception is org.hibernate.MappingException: Could not instantiate id generator [entity-name=com.epam.buscompany.model.entity.Stage]
	at org.springframework.beans.factory.support.SimpleInstantiationStrategy.instantiate(SimpleInstantiationStrategy.java:185)
	at org.springframework.beans.factory.support.ConstructorResolver.instantiate(ConstructorResolver.java:640)
	... 57 common frames omitted
Caused by: org.springframework.beans.factory.UnsatisfiedDependencyException: Error creating bean with name 'busDaoImpl': Unsatisfied dependency expressed through field 'sessionFactory'; nested exception is org.springframework.beans.factory.BeanCreationException: Error creating bean with name 'sessionFactory' defined in com.epam.buscompany.config.AppConfig: Bean instantiation via factory method failed; nested exception is org.springframework.beans.BeanInstantiationException: Failed to instantiate [org.hibernate.SessionFactory]: Factory method 'sessionFactory' threw exception; nested exception is org.hibernate.MappingException: Could not instantiate id generator [entity-name=com.epam.buscompany.model.entity.Stage]
	at org.springframework.beans.factory.annotation.AutowiredAnnotationBeanPostProcessor$AutowiredFieldElement.inject(AutowiredAnnotationBeanPostProcessor.java:639)
	at org.springframework.beans.factory.annotation.InjectionMetadata.inject(InjectionMetadata.java:116)
	at org.springframework.beans.factory.annotation.AutowiredAnnotationBeanPostProcessor.postProcessProperties(AutowiredAnnotationBeanPostProcessor.java:397)
	at org.springframework.beans.factory.support.AbstractAutowireCapableBeanFactory.populateBean(AbstractAutowireCapableBeanFactory.java:1429)
	at org.springframework.beans.factory.support.AbstractAutowireCapableBeanFactory.doCreateBean(AbstractAutowireCapableBeanFactory.java:594)
	at org.springframework.beans.factory.support.AbstractAutowireCapableBeanFactory.createBean(AbstractAutowireCapableBeanFactory.java:517)
	at org.springframework.beans.factory.support.AbstractBeanFactory.lambda$doGetBean$0(AbstractBeanFactory.java:323)
	at org.springframework.beans.factory.support.DefaultSingletonBeanRegistry.getSingleton(DefaultSingletonBeanRegistry.java:222)
	at org.springframework.beans.factory.support.AbstractBeanFactory.doGetBean(AbstractBeanFactory.java:321)
	at org.springframework.beans.factory.support.AbstractBeanFactory.getBean(AbstractBeanFactory.java:202)
	at org.springframework.context.annotation.ConfigurationClassEnhancer$BeanMethodInterceptor.resolveBeanReference(ConfigurationClassEnhancer.java:394)
	at org.springframework.context.annotation.ConfigurationClassEnhancer$BeanMethodInterceptor.intercept(ConfigurationClassEnhancer.java:366)
	at com.epam.buscompany.config.AppConfig$$EnhancerBySpringCGLIB$$7130df59.busDao(<generated>)
	at com.epam.buscompany.config.AppConfig.busService(AppConfig.java:199)
	at com.epam.buscompany.config.AppConfig$$EnhancerBySpringCGLIB$$7130df59.CGLIB$busService$4(<generated>)
	at com.epam.buscompany.config.AppConfig$$EnhancerBySpringCGLIB$$7130df59$$FastClassBySpringCGLIB$$8a53fd98.invoke(<generated>)
	at org.springframework.cglib.proxy.MethodProxy.invokeSuper(MethodProxy.java:244)
	at org.springframework.context.annotation.ConfigurationClassEnhancer$BeanMethodInterceptor.intercept(ConfigurationClassEnhancer.java:363)
	at com.epam.buscompany.config.AppConfig$$EnhancerBySpringCGLIB$$7130df59.busService(<generated>)
	at java.base/jdk.internal.reflect.NativeMethodAccessorImpl.invoke0(Native Method)
	at java.base/jdk.internal.reflect.NativeMethodAccessorImpl.invoke(NativeMethodAccessorImpl.java:62)
	at java.base/jdk.internal.reflect.DelegatingMethodAccessorImpl.invoke(DelegatingMethodAccessorImpl.java:43)
	at java.base/java.lang.reflect.Method.invoke(Method.java:566)
	at org.springframework.beans.factory.support.SimpleInstantiationStrategy.instantiate(SimpleInstantiationStrategy.java:154)
	... 58 common frames omitted
Caused by: org.springframework.beans.factory.BeanCreationException: Error creating bean with name 'sessionFactory' defined in com.epam.buscompany.config.AppConfig: Bean instantiation via factory method failed; nested exception is org.springframework.beans.BeanInstantiationException: Failed to instantiate [org.hibernate.SessionFactory]: Factory method 'sessionFactory' threw exception; nested exception is org.hibernate.MappingException: Could not instantiate id generator [entity-name=com.epam.buscompany.model.entity.Stage]
	at org.springframework.beans.factory.support.ConstructorResolver.instantiate(ConstructorResolver.java:645)
	at org.springframework.beans.factory.support.ConstructorResolver.instantiateUsingFactoryMethod(ConstructorResolver.java:475)
	at org.springframework.beans.factory.support.AbstractAutowireCapableBeanFactory.instantiateUsingFactoryMethod(AbstractAutowireCapableBeanFactory.java:1338)
	at org.springframework.beans.factory.support.AbstractAutowireCapableBeanFactory.createBeanInstance(AbstractAutowireCapableBeanFactory.java:1177)
	at org.springframework.beans.factory.support.AbstractAutowireCapableBeanFactory.doCreateBean(AbstractAutowireCapableBeanFactory.java:557)
	at org.springframework.beans.factory.support.AbstractAutowireCapableBeanFactory.createBean(AbstractAutowireCapableBeanFactory.java:517)
	at org.springframework.beans.factory.support.AbstractBeanFactory.lambda$doGetBean$0(AbstractBeanFactory.java:323)
	at org.springframework.beans.factory.support.DefaultSingletonBeanRegistry.getSingleton(DefaultSingletonBeanRegistry.java:222)
	at org.springframework.beans.factory.support.AbstractBeanFactory.doGetBean(AbstractBeanFactory.java:321)
	at org.springframework.beans.factory.support.AbstractBeanFactory.getBean(AbstractBeanFactory.java:202)
	at org.springframework.beans.factory.config.DependencyDescriptor.resolveCandidate(DependencyDescriptor.java:276)
	at org.springframework.beans.factory.support.DefaultListableBeanFactory.doResolveDependency(DefaultListableBeanFactory.java:1287)
	at org.springframework.beans.factory.support.DefaultListableBeanFactory.resolveDependency(DefaultListableBeanFactory.java:1207)
	at org.springframework.beans.factory.annotation.AutowiredAnnotationBeanPostProcessor$AutowiredFieldElement.inject(AutowiredAnnotationBeanPostProcessor.java:636)
	... 81 common frames omitted
Caused by: org.springframework.beans.BeanInstantiationException: Failed to instantiate [org.hibernate.SessionFactory]: Factory method 'sessionFactory' threw exception; nested exception is org.hibernate.MappingException: Could not instantiate id generator [entity-name=com.epam.buscompany.model.entity.Stage]
	at org.springframework.beans.factory.support.SimpleInstantiationStrategy.instantiate(SimpleInstantiationStrategy.java:185)
	at org.springframework.beans.factory.support.ConstructorResolver.instantiate(ConstructorResolver.java:640)
	... 94 common frames omitted
Caused by: org.hibernate.MappingException: Could not instantiate id generator [entity-name=com.epam.buscompany.model.entity.Stage]
	at org.hibernate.id.factory.internal.DefaultIdentifierGeneratorFactory.createIdentifierGenerator(DefaultIdentifierGeneratorFactory.java:124)
	at org.hibernate.mapping.SimpleValue.createIdentifierGenerator(SimpleValue.java:342)
	at org.hibernate.internal.SessionFactoryImpl.lambda$new$1(SessionFactoryImpl.java:281)
	at java.base/java.util.stream.ForEachOps$ForEachOp$OfRef.accept(ForEachOps.java:183)
	at java.base/java.util.stream.ReferencePipeline$2$1.accept(ReferencePipeline.java:177)
	at java.base/java.util.HashMap$ValueSpliterator.forEachRemaining(HashMap.java:1675)
	at java.base/java.util.stream.AbstractPipeline.copyInto(AbstractPipeline.java:484)
	at java.base/java.util.stream.AbstractPipeline.wrapAndCopyInto(AbstractPipeline.java:474)
	at java.base/java.util.stream.ForEachOps$ForEachOp.evaluateSequential(ForEachOps.java:150)
	at java.base/java.util.stream.ForEachOps$ForEachOp$OfRef.evaluateSequential(ForEachOps.java:173)
	at java.base/java.util.stream.AbstractPipeline.evaluate(AbstractPipeline.java:234)
	at java.base/java.util.stream.ReferencePipeline.forEach(ReferencePipeline.java:497)
	at org.hibernate.internal.SessionFactoryImpl.<init>(SessionFactoryImpl.java:280)
	at org.hibernate.boot.internal.SessionFactoryBuilderImpl.build(SessionFactoryBuilderImpl.java:462)
	at org.hibernate.cfg.Configuration.buildSessionFactory(Configuration.java:708)
	at org.hibernate.cfg.Configuration.buildSessionFactory(Configuration.java:724)
	at org.springframework.orm.hibernate5.LocalSessionFactoryBean.buildSessionFactory(LocalSessionFactoryBean.java:616)
	at org.springframework.orm.hibernate5.LocalSessionFactoryBean.afterPropertiesSet(LocalSessionFactoryBean.java:600)
	at com.epam.buscompany.config.AppConfig.sessionFactory(AppConfig.java:127)
	at com.epam.buscompany.config.AppConfig$$EnhancerBySpringCGLIB$$7130df59.CGLIB$sessionFactory$1(<generated>)
	at com.epam.buscompany.config.AppConfig$$EnhancerBySpringCGLIB$$7130df59$$FastClassBySpringCGLIB$$8a53fd98.invoke(<generated>)
	at org.springframework.cglib.proxy.MethodProxy.invokeSuper(MethodProxy.java:244)
	at org.springframework.context.annotation.ConfigurationClassEnhancer$BeanMethodInterceptor.intercept(ConfigurationClassEnhancer.java:363)
	at com.epam.buscompany.config.AppConfig$$EnhancerBySpringCGLIB$$7130df59.sessionFactory(<generated>)
	at java.base/jdk.internal.reflect.NativeMethodAccessorImpl.invoke0(Native Method)
	at java.base/jdk.internal.reflect.NativeMethodAccessorImpl.invoke(NativeMethodAccessorImpl.java:62)
	at java.base/jdk.internal.reflect.DelegatingMethodAccessorImpl.invoke(DelegatingMethodAccessorImpl.java:43)
	at java.base/java.lang.reflect.Method.invoke(Method.java:566)
	at org.springframework.beans.factory.support.SimpleInstantiationStrategy.instantiate(SimpleInstantiationStrategy.java:154)
	... 95 common frames omitted
Caused by: org.hibernate.MappingException: The increment size of the [stage_id] sequence is set to [50] in the entity mapping while the associated database sequence increment size is [1].
	at org.hibernate.id.enhanced.SequenceStyleGenerator.configure(SequenceStyleGenerator.java:257)
	at org.hibernate.id.factory.internal.DefaultIdentifierGeneratorFactory.createIdentifierGenerator(DefaultIdentifierGeneratorFactory.java:118)
	... 123 common frames omitted
2019-12-01 20:34:36,937 ERROR org.springframework.test.context.TestContextManager [main] Caught exception while allowing TestExecutionListener [org.springframework.test.context.web.ServletTestExecutionListener@147cc940] to prepare test instance [com.epam.buscompany.dao.impl.BusDaoImplTest@1a7163e3]
java.lang.IllegalStateException: Failed to load ApplicationContext
	at org.springframework.test.context.cache.DefaultCacheAwareContextLoaderDelegate.loadContext(DefaultCacheAwareContextLoaderDelegate.java:124)
	at org.springframework.test.context.support.DefaultTestContext.getApplicationContext(DefaultTestContext.java:83)
	at org.springframework.test.context.web.ServletTestExecutionListener.setUpRequestContextIfNecessary(ServletTestExecutionListener.java:189)
	at org.springframework.test.context.web.ServletTestExecutionListener.prepareTestInstance(ServletTestExecutionListener.java:131)
	at org.springframework.test.context.TestContextManager.prepareTestInstance(TestContextManager.java:230)
	at org.springframework.test.context.junit4.SpringJUnit4ClassRunner.createTest(SpringJUnit4ClassRunner.java:228)
	at org.springframework.test.context.junit4.SpringJUnit4ClassRunner$1.runReflectiveCall(SpringJUnit4ClassRunner.java:287)
	at org.junit.internal.runners.model.ReflectiveCallable.run(ReflectiveCallable.java:12)
	at org.springframework.test.context.junit4.SpringJUnit4ClassRunner.methodBlock(SpringJUnit4ClassRunner.java:289)
	at org.springframework.test.context.junit4.SpringJUnit4ClassRunner.runChild(SpringJUnit4ClassRunner.java:247)
	at org.springframework.test.context.junit4.SpringJUnit4ClassRunner.runChild(SpringJUnit4ClassRunner.java:94)
	at org.junit.runners.ParentRunner$3.run(ParentRunner.java:290)
	at org.junit.runners.ParentRunner$1.schedule(ParentRunner.java:71)
	at org.junit.runners.ParentRunner.runChildren(ParentRunner.java:288)
	at org.junit.runners.ParentRunner.access$000(ParentRunner.java:58)
	at org.junit.runners.ParentRunner$2.evaluate(ParentRunner.java:268)
	at org.junit.internal.runners.statements.RunBefores.evaluate(RunBefores.java:26)
	at org.springframework.test.context.junit4.statements.RunBeforeTestClassCallbacks.evaluate(RunBeforeTestClassCallbacks.java:61)
	at org.junit.internal.runners.statements.RunAfters.evaluate(RunAfters.java:27)
	at org.springframework.test.context.junit4.statements.RunAfterTestClassCallbacks.evaluate(RunAfterTestClassCallbacks.java:70)
	at org.junit.runners.ParentRunner.run(ParentRunner.java:363)
	at org.springframework.test.context.junit4.SpringJUnit4ClassRunner.run(SpringJUnit4ClassRunner.java:191)
	at org.junit.runner.JUnitCore.run(JUnitCore.java:137)
	at com.intellij.junit4.JUnit4IdeaTestRunner.startRunnerWithArgs(JUnit4IdeaTestRunner.java:68)
	at com.intellij.rt.execution.junit.IdeaTestRunner$Repeater.startRunnerWithArgs(IdeaTestRunner.java:47)
	at com.intellij.rt.execution.junit.JUnitStarter.prepareStreamsAndStart(JUnitStarter.java:242)
	at com.intellij.rt.execution.junit.JUnitStarter.main(JUnitStarter.java:70)
Caused by: org.springframework.beans.factory.UnsatisfiedDependencyException: Error creating bean with name 'busController': Unsatisfied dependency expressed through field 'busService'; nested exception is org.springframework.beans.factory.BeanCreationException: Error creating bean with name 'busServiceImpl' defined in com.epam.buscompany.config.AppConfig: Bean instantiation via factory method failed; nested exception is org.springframework.beans.BeanInstantiationException: Failed to instantiate [com.epam.buscompany.service.impl.BusServiceImpl]: Factory method 'busService' threw exception; nested exception is org.springframework.beans.factory.UnsatisfiedDependencyException: Error creating bean with name 'busDaoImpl': Unsatisfied dependency expressed through field 'sessionFactory'; nested exception is org.springframework.beans.factory.BeanCreationException: Error creating bean with name 'sessionFactory' defined in com.epam.buscompany.config.AppConfig: Bean instantiation via factory method failed; nested exception is org.springframework.beans.BeanInstantiationException: Failed to instantiate [org.hibernate.SessionFactory]: Factory method 'sessionFactory' threw exception; nested exception is org.hibernate.MappingException: Could not instantiate id generator [entity-name=com.epam.buscompany.model.entity.Stage]
	at org.springframework.beans.factory.annotation.AutowiredAnnotationBeanPostProcessor$AutowiredFieldElement.inject(AutowiredAnnotationBeanPostProcessor.java:639)
	at org.springframework.beans.factory.annotation.InjectionMetadata.inject(InjectionMetadata.java:116)
	at org.springframework.beans.factory.annotation.AutowiredAnnotationBeanPostProcessor.postProcessProperties(AutowiredAnnotationBeanPostProcessor.java:397)
	at org.springframework.beans.factory.support.AbstractAutowireCapableBeanFactory.populateBean(AbstractAutowireCapableBeanFactory.java:1429)
	at org.springframework.beans.factory.support.AbstractAutowireCapableBeanFactory.doCreateBean(AbstractAutowireCapableBeanFactory.java:594)
	at org.springframework.beans.factory.support.AbstractAutowireCapableBeanFactory.createBean(AbstractAutowireCapableBeanFactory.java:517)
	at org.springframework.beans.factory.support.AbstractBeanFactory.lambda$doGetBean$0(AbstractBeanFactory.java:323)
	at org.springframework.beans.factory.support.DefaultSingletonBeanRegistry.getSingleton(DefaultSingletonBeanRegistry.java:222)
	at org.springframework.beans.factory.support.AbstractBeanFactory.doGetBean(AbstractBeanFactory.java:321)
	at org.springframework.beans.factory.support.AbstractBeanFactory.getBean(AbstractBeanFactory.java:202)
	at org.springframework.beans.factory.support.DefaultListableBeanFactory.preInstantiateSingletons(DefaultListableBeanFactory.java:879)
	at org.springframework.context.support.AbstractApplicationContext.finishBeanFactoryInitialization(AbstractApplicationContext.java:878)
	at org.springframework.context.support.AbstractApplicationContext.refresh(AbstractApplicationContext.java:550)
	at org.springframework.test.context.web.AbstractGenericWebContextLoader.loadContext(AbstractGenericWebContextLoader.java:134)
	at org.springframework.test.context.web.AbstractGenericWebContextLoader.loadContext(AbstractGenericWebContextLoader.java:61)
	at org.springframework.test.context.support.AbstractDelegatingSmartContextLoader.delegateLoading(AbstractDelegatingSmartContextLoader.java:108)
	at org.springframework.test.context.support.AbstractDelegatingSmartContextLoader.loadContext(AbstractDelegatingSmartContextLoader.java:251)
	at org.springframework.test.context.cache.DefaultCacheAwareContextLoaderDelegate.loadContextInternal(DefaultCacheAwareContextLoaderDelegate.java:98)
	at org.springframework.test.context.cache.DefaultCacheAwareContextLoaderDelegate.loadContext(DefaultCacheAwareContextLoaderDelegate.java:116)
	... 26 common frames omitted
Caused by: org.springframework.beans.factory.BeanCreationException: Error creating bean with name 'busServiceImpl' defined in com.epam.buscompany.config.AppConfig: Bean instantiation via factory method failed; nested exception is org.springframework.beans.BeanInstantiationException: Failed to instantiate [com.epam.buscompany.service.impl.BusServiceImpl]: Factory method 'busService' threw exception; nested exception is org.springframework.beans.factory.UnsatisfiedDependencyException: Error creating bean with name 'busDaoImpl': Unsatisfied dependency expressed through field 'sessionFactory'; nested exception is org.springframework.beans.factory.BeanCreationException: Error creating bean with name 'sessionFactory' defined in com.epam.buscompany.config.AppConfig: Bean instantiation via factory method failed; nested exception is org.springframework.beans.BeanInstantiationException: Failed to instantiate [org.hibernate.SessionFactory]: Factory method 'sessionFactory' threw exception; nested exception is org.hibernate.MappingException: Could not instantiate id generator [entity-name=com.epam.buscompany.model.entity.Stage]
	at org.springframework.beans.factory.support.ConstructorResolver.instantiate(ConstructorResolver.java:645)
	at org.springframework.beans.factory.support.ConstructorResolver.instantiateUsingFactoryMethod(ConstructorResolver.java:475)
	at org.springframework.beans.factory.support.AbstractAutowireCapableBeanFactory.instantiateUsingFactoryMethod(AbstractAutowireCapableBeanFactory.java:1338)
	at org.springframework.beans.factory.support.AbstractAutowireCapableBeanFactory.createBeanInstance(AbstractAutowireCapableBeanFactory.java:1177)
	at org.springframework.beans.factory.support.AbstractAutowireCapableBeanFactory.doCreateBean(AbstractAutowireCapableBeanFactory.java:557)
	at org.springframework.beans.factory.support.AbstractAutowireCapableBeanFactory.createBean(AbstractAutowireCapableBeanFactory.java:517)
	at org.springframework.beans.factory.support.AbstractBeanFactory.lambda$doGetBean$0(AbstractBeanFactory.java:323)
	at org.springframework.beans.factory.support.DefaultSingletonBeanRegistry.getSingleton(DefaultSingletonBeanRegistry.java:222)
	at org.springframework.beans.factory.support.AbstractBeanFactory.doGetBean(AbstractBeanFactory.java:321)
	at org.springframework.beans.factory.support.AbstractBeanFactory.getBean(AbstractBeanFactory.java:202)
	at org.springframework.beans.factory.config.DependencyDescriptor.resolveCandidate(DependencyDescriptor.java:276)
	at org.springframework.beans.factory.support.DefaultListableBeanFactory.doResolveDependency(DefaultListableBeanFactory.java:1287)
	at org.springframework.beans.factory.support.DefaultListableBeanFactory.resolveDependency(DefaultListableBeanFactory.java:1207)
	at org.springframework.beans.factory.annotation.AutowiredAnnotationBeanPostProcessor$AutowiredFieldElement.inject(AutowiredAnnotationBeanPostProcessor.java:636)
	... 44 common frames omitted
Caused by: org.springframework.beans.BeanInstantiationException: Failed to instantiate [com.epam.buscompany.service.impl.BusServiceImpl]: Factory method 'busService' threw exception; nested exception is org.springframework.beans.factory.UnsatisfiedDependencyException: Error creating bean with name 'busDaoImpl': Unsatisfied dependency expressed through field 'sessionFactory'; nested exception is org.springframework.beans.factory.BeanCreationException: Error creating bean with name 'sessionFactory' defined in com.epam.buscompany.config.AppConfig: Bean instantiation via factory method failed; nested exception is org.springframework.beans.BeanInstantiationException: Failed to instantiate [org.hibernate.SessionFactory]: Factory method 'sessionFactory' threw exception; nested exception is org.hibernate.MappingException: Could not instantiate id generator [entity-name=com.epam.buscompany.model.entity.Stage]
	at org.springframework.beans.factory.support.SimpleInstantiationStrategy.instantiate(SimpleInstantiationStrategy.java:185)
	at org.springframework.beans.factory.support.ConstructorResolver.instantiate(ConstructorResolver.java:640)
	... 57 common frames omitted
Caused by: org.springframework.beans.factory.UnsatisfiedDependencyException: Error creating bean with name 'busDaoImpl': Unsatisfied dependency expressed through field 'sessionFactory'; nested exception is org.springframework.beans.factory.BeanCreationException: Error creating bean with name 'sessionFactory' defined in com.epam.buscompany.config.AppConfig: Bean instantiation via factory method failed; nested exception is org.springframework.beans.BeanInstantiationException: Failed to instantiate [org.hibernate.SessionFactory]: Factory method 'sessionFactory' threw exception; nested exception is org.hibernate.MappingException: Could not instantiate id generator [entity-name=com.epam.buscompany.model.entity.Stage]
	at org.springframework.beans.factory.annotation.AutowiredAnnotationBeanPostProcessor$AutowiredFieldElement.inject(AutowiredAnnotationBeanPostProcessor.java:639)
	at org.springframework.beans.factory.annotation.InjectionMetadata.inject(InjectionMetadata.java:116)
	at org.springframework.beans.factory.annotation.AutowiredAnnotationBeanPostProcessor.postProcessProperties(AutowiredAnnotationBeanPostProcessor.java:397)
	at org.springframework.beans.factory.support.AbstractAutowireCapableBeanFactory.populateBean(AbstractAutowireCapableBeanFactory.java:1429)
	at org.springframework.beans.factory.support.AbstractAutowireCapableBeanFactory.doCreateBean(AbstractAutowireCapableBeanFactory.java:594)
	at org.springframework.beans.factory.support.AbstractAutowireCapableBeanFactory.createBean(AbstractAutowireCapableBeanFactory.java:517)
	at org.springframework.beans.factory.support.AbstractBeanFactory.lambda$doGetBean$0(AbstractBeanFactory.java:323)
	at org.springframework.beans.factory.support.DefaultSingletonBeanRegistry.getSingleton(DefaultSingletonBeanRegistry.java:222)
	at org.springframework.beans.factory.support.AbstractBeanFactory.doGetBean(AbstractBeanFactory.java:321)
	at org.springframework.beans.factory.support.AbstractBeanFactory.getBean(AbstractBeanFactory.java:202)
	at org.springframework.context.annotation.ConfigurationClassEnhancer$BeanMethodInterceptor.resolveBeanReference(ConfigurationClassEnhancer.java:394)
	at org.springframework.context.annotation.ConfigurationClassEnhancer$BeanMethodInterceptor.intercept(ConfigurationClassEnhancer.java:366)
	at com.epam.buscompany.config.AppConfig$$EnhancerBySpringCGLIB$$7130df59.busDao(<generated>)
	at com.epam.buscompany.config.AppConfig.busService(AppConfig.java:199)
	at com.epam.buscompany.config.AppConfig$$EnhancerBySpringCGLIB$$7130df59.CGLIB$busService$4(<generated>)
	at com.epam.buscompany.config.AppConfig$$EnhancerBySpringCGLIB$$7130df59$$FastClassBySpringCGLIB$$8a53fd98.invoke(<generated>)
	at org.springframework.cglib.proxy.MethodProxy.invokeSuper(MethodProxy.java:244)
	at org.springframework.context.annotation.ConfigurationClassEnhancer$BeanMethodInterceptor.intercept(ConfigurationClassEnhancer.java:363)
	at com.epam.buscompany.config.AppConfig$$EnhancerBySpringCGLIB$$7130df59.busService(<generated>)
	at java.base/jdk.internal.reflect.NativeMethodAccessorImpl.invoke0(Native Method)
	at java.base/jdk.internal.reflect.NativeMethodAccessorImpl.invoke(NativeMethodAccessorImpl.java:62)
	at java.base/jdk.internal.reflect.DelegatingMethodAccessorImpl.invoke(DelegatingMethodAccessorImpl.java:43)
	at java.base/java.lang.reflect.Method.invoke(Method.java:566)
	at org.springframework.beans.factory.support.SimpleInstantiationStrategy.instantiate(SimpleInstantiationStrategy.java:154)
	... 58 common frames omitted
Caused by: org.springframework.beans.factory.BeanCreationException: Error creating bean with name 'sessionFactory' defined in com.epam.buscompany.config.AppConfig: Bean instantiation via factory method failed; nested exception is org.springframework.beans.BeanInstantiationException: Failed to instantiate [org.hibernate.SessionFactory]: Factory method 'sessionFactory' threw exception; nested exception is org.hibernate.MappingException: Could not instantiate id generator [entity-name=com.epam.buscompany.model.entity.Stage]
	at org.springframework.beans.factory.support.ConstructorResolver.instantiate(ConstructorResolver.java:645)
	at org.springframework.beans.factory.support.ConstructorResolver.instantiateUsingFactoryMethod(ConstructorResolver.java:475)
	at org.springframework.beans.factory.support.AbstractAutowireCapableBeanFactory.instantiateUsingFactoryMethod(AbstractAutowireCapableBeanFactory.java:1338)
	at org.springframework.beans.factory.support.AbstractAutowireCapableBeanFactory.createBeanInstance(AbstractAutowireCapableBeanFactory.java:1177)
	at org.springframework.beans.factory.support.AbstractAutowireCapableBeanFactory.doCreateBean(AbstractAutowireCapableBeanFactory.java:557)
	at org.springframework.beans.factory.support.AbstractAutowireCapableBeanFactory.createBean(AbstractAutowireCapableBeanFactory.java:517)
	at org.springframework.beans.factory.support.AbstractBeanFactory.lambda$doGetBean$0(AbstractBeanFactory.java:323)
	at org.springframework.beans.factory.support.DefaultSingletonBeanRegistry.getSingleton(DefaultSingletonBeanRegistry.java:222)
	at org.springframework.beans.factory.support.AbstractBeanFactory.doGetBean(AbstractBeanFactory.java:321)
	at org.springframework.beans.factory.support.AbstractBeanFactory.getBean(AbstractBeanFactory.java:202)
	at org.springframework.beans.factory.config.DependencyDescriptor.resolveCandidate(DependencyDescriptor.java:276)
	at org.springframework.beans.factory.support.DefaultListableBeanFactory.doResolveDependency(DefaultListableBeanFactory.java:1287)
	at org.springframework.beans.factory.support.DefaultListableBeanFactory.resolveDependency(DefaultListableBeanFactory.java:1207)
	at org.springframework.beans.factory.annotation.AutowiredAnnotationBeanPostProcessor$AutowiredFieldElement.inject(AutowiredAnnotationBeanPostProcessor.java:636)
	... 81 common frames omitted
Caused by: org.springframework.beans.BeanInstantiationException: Failed to instantiate [org.hibernate.SessionFactory]: Factory method 'sessionFactory' threw exception; nested exception is org.hibernate.MappingException: Could not instantiate id generator [entity-name=com.epam.buscompany.model.entity.Stage]
	at org.springframework.beans.factory.support.SimpleInstantiationStrategy.instantiate(SimpleInstantiationStrategy.java:185)
	at org.springframework.beans.factory.support.ConstructorResolver.instantiate(ConstructorResolver.java:640)
	... 94 common frames omitted
Caused by: org.hibernate.MappingException: Could not instantiate id generator [entity-name=com.epam.buscompany.model.entity.Stage]
	at org.hibernate.id.factory.internal.DefaultIdentifierGeneratorFactory.createIdentifierGenerator(DefaultIdentifierGeneratorFactory.java:124)
	at org.hibernate.mapping.SimpleValue.createIdentifierGenerator(SimpleValue.java:342)
	at org.hibernate.internal.SessionFactoryImpl.lambda$new$1(SessionFactoryImpl.java:281)
	at java.base/java.util.stream.ForEachOps$ForEachOp$OfRef.accept(ForEachOps.java:183)
	at java.base/java.util.stream.ReferencePipeline$2$1.accept(ReferencePipeline.java:177)
	at java.base/java.util.HashMap$ValueSpliterator.forEachRemaining(HashMap.java:1675)
	at java.base/java.util.stream.AbstractPipeline.copyInto(AbstractPipeline.java:484)
	at java.base/java.util.stream.AbstractPipeline.wrapAndCopyInto(AbstractPipeline.java:474)
	at java.base/java.util.stream.ForEachOps$ForEachOp.evaluateSequential(ForEachOps.java:150)
	at java.base/java.util.stream.ForEachOps$ForEachOp$OfRef.evaluateSequential(ForEachOps.java:173)
	at java.base/java.util.stream.AbstractPipeline.evaluate(AbstractPipeline.java:234)
	at java.base/java.util.stream.ReferencePipeline.forEach(ReferencePipeline.java:497)
	at org.hibernate.internal.SessionFactoryImpl.<init>(SessionFactoryImpl.java:280)
	at org.hibernate.boot.internal.SessionFactoryBuilderImpl.build(SessionFactoryBuilderImpl.java:462)
	at org.hibernate.cfg.Configuration.buildSessionFactory(Configuration.java:708)
	at org.hibernate.cfg.Configuration.buildSessionFactory(Configuration.java:724)
	at org.springframework.orm.hibernate5.LocalSessionFactoryBean.buildSessionFactory(LocalSessionFactoryBean.java:616)
	at org.springframework.orm.hibernate5.LocalSessionFactoryBean.afterPropertiesSet(LocalSessionFactoryBean.java:600)
	at com.epam.buscompany.config.AppConfig.sessionFactory(AppConfig.java:127)
	at com.epam.buscompany.config.AppConfig$$EnhancerBySpringCGLIB$$7130df59.CGLIB$sessionFactory$1(<generated>)
	at com.epam.buscompany.config.AppConfig$$EnhancerBySpringCGLIB$$7130df59$$FastClassBySpringCGLIB$$8a53fd98.invoke(<generated>)
	at org.springframework.cglib.proxy.MethodProxy.invokeSuper(MethodProxy.java:244)
	at org.springframework.context.annotation.ConfigurationClassEnhancer$BeanMethodInterceptor.intercept(ConfigurationClassEnhancer.java:363)
	at com.epam.buscompany.config.AppConfig$$EnhancerBySpringCGLIB$$7130df59.sessionFactory(<generated>)
	at java.base/jdk.internal.reflect.NativeMethodAccessorImpl.invoke0(Native Method)
	at java.base/jdk.internal.reflect.NativeMethodAccessorImpl.invoke(NativeMethodAccessorImpl.java:62)
	at java.base/jdk.internal.reflect.DelegatingMethodAccessorImpl.invoke(DelegatingMethodAccessorImpl.java:43)
	at java.base/java.lang.reflect.Method.invoke(Method.java:566)
	at org.springframework.beans.factory.support.SimpleInstantiationStrategy.instantiate(SimpleInstantiationStrategy.java:154)
	... 95 common frames omitted
Caused by: org.hibernate.MappingException: The increment size of the [stage_id] sequence is set to [50] in the entity mapping while the associated database sequence increment size is [1].
	at org.hibernate.id.enhanced.SequenceStyleGenerator.configure(SequenceStyleGenerator.java:257)
	at org.hibernate.id.factory.internal.DefaultIdentifierGeneratorFactory.createIdentifierGenerator(DefaultIdentifierGeneratorFactory.java:118)
	... 123 common frames omitted
2019-12-01 20:34:37,473 ERROR org.springframework.test.context.TestContextManager [main] Caught exception while allowing TestExecutionListener [org.springframework.test.context.web.ServletTestExecutionListener@147cc940] to prepare test instance [com.epam.buscompany.dao.impl.BusDaoImplTest@2dd3d39d]
java.lang.IllegalStateException: Failed to load ApplicationContext
	at org.springframework.test.context.cache.DefaultCacheAwareContextLoaderDelegate.loadContext(DefaultCacheAwareContextLoaderDelegate.java:124)
	at org.springframework.test.context.support.DefaultTestContext.getApplicationContext(DefaultTestContext.java:83)
	at org.springframework.test.context.web.ServletTestExecutionListener.setUpRequestContextIfNecessary(ServletTestExecutionListener.java:189)
	at org.springframework.test.context.web.ServletTestExecutionListener.prepareTestInstance(ServletTestExecutionListener.java:131)
	at org.springframework.test.context.TestContextManager.prepareTestInstance(TestContextManager.java:230)
	at org.springframework.test.context.junit4.SpringJUnit4ClassRunner.createTest(SpringJUnit4ClassRunner.java:228)
	at org.springframework.test.context.junit4.SpringJUnit4ClassRunner$1.runReflectiveCall(SpringJUnit4ClassRunner.java:287)
	at org.junit.internal.runners.model.ReflectiveCallable.run(ReflectiveCallable.java:12)
	at org.springframework.test.context.junit4.SpringJUnit4ClassRunner.methodBlock(SpringJUnit4ClassRunner.java:289)
	at org.springframework.test.context.junit4.SpringJUnit4ClassRunner.runChild(SpringJUnit4ClassRunner.java:247)
	at org.springframework.test.context.junit4.SpringJUnit4ClassRunner.runChild(SpringJUnit4ClassRunner.java:94)
	at org.junit.runners.ParentRunner$3.run(ParentRunner.java:290)
	at org.junit.runners.ParentRunner$1.schedule(ParentRunner.java:71)
	at org.junit.runners.ParentRunner.runChildren(ParentRunner.java:288)
	at org.junit.runners.ParentRunner.access$000(ParentRunner.java:58)
	at org.junit.runners.ParentRunner$2.evaluate(ParentRunner.java:268)
	at org.junit.internal.runners.statements.RunBefores.evaluate(RunBefores.java:26)
	at org.springframework.test.context.junit4.statements.RunBeforeTestClassCallbacks.evaluate(RunBeforeTestClassCallbacks.java:61)
	at org.junit.internal.runners.statements.RunAfters.evaluate(RunAfters.java:27)
	at org.springframework.test.context.junit4.statements.RunAfterTestClassCallbacks.evaluate(RunAfterTestClassCallbacks.java:70)
	at org.junit.runners.ParentRunner.run(ParentRunner.java:363)
	at org.springframework.test.context.junit4.SpringJUnit4ClassRunner.run(SpringJUnit4ClassRunner.java:191)
	at org.junit.runner.JUnitCore.run(JUnitCore.java:137)
	at com.intellij.junit4.JUnit4IdeaTestRunner.startRunnerWithArgs(JUnit4IdeaTestRunner.java:68)
	at com.intellij.rt.execution.junit.IdeaTestRunner$Repeater.startRunnerWithArgs(IdeaTestRunner.java:47)
	at com.intellij.rt.execution.junit.JUnitStarter.prepareStreamsAndStart(JUnitStarter.java:242)
	at com.intellij.rt.execution.junit.JUnitStarter.main(JUnitStarter.java:70)
Caused by: org.springframework.beans.factory.UnsatisfiedDependencyException: Error creating bean with name 'busController': Unsatisfied dependency expressed through field 'busService'; nested exception is org.springframework.beans.factory.BeanCreationException: Error creating bean with name 'busServiceImpl' defined in com.epam.buscompany.config.AppConfig: Bean instantiation via factory method failed; nested exception is org.springframework.beans.BeanInstantiationException: Failed to instantiate [com.epam.buscompany.service.impl.BusServiceImpl]: Factory method 'busService' threw exception; nested exception is org.springframework.beans.factory.UnsatisfiedDependencyException: Error creating bean with name 'busDaoImpl': Unsatisfied dependency expressed through field 'sessionFactory'; nested exception is org.springframework.beans.factory.BeanCreationException: Error creating bean with name 'sessionFactory' defined in com.epam.buscompany.config.AppConfig: Bean instantiation via factory method failed; nested exception is org.springframework.beans.BeanInstantiationException: Failed to instantiate [org.hibernate.SessionFactory]: Factory method 'sessionFactory' threw exception; nested exception is org.hibernate.MappingException: Could not instantiate id generator [entity-name=com.epam.buscompany.model.entity.Stage]
	at org.springframework.beans.factory.annotation.AutowiredAnnotationBeanPostProcessor$AutowiredFieldElement.inject(AutowiredAnnotationBeanPostProcessor.java:639)
	at org.springframework.beans.factory.annotation.InjectionMetadata.inject(InjectionMetadata.java:116)
	at org.springframework.beans.factory.annotation.AutowiredAnnotationBeanPostProcessor.postProcessProperties(AutowiredAnnotationBeanPostProcessor.java:397)
	at org.springframework.beans.factory.support.AbstractAutowireCapableBeanFactory.populateBean(AbstractAutowireCapableBeanFactory.java:1429)
	at org.springframework.beans.factory.support.AbstractAutowireCapableBeanFactory.doCreateBean(AbstractAutowireCapableBeanFactory.java:594)
	at org.springframework.beans.factory.support.AbstractAutowireCapableBeanFactory.createBean(AbstractAutowireCapableBeanFactory.java:517)
	at org.springframework.beans.factory.support.AbstractBeanFactory.lambda$doGetBean$0(AbstractBeanFactory.java:323)
	at org.springframework.beans.factory.support.DefaultSingletonBeanRegistry.getSingleton(DefaultSingletonBeanRegistry.java:222)
	at org.springframework.beans.factory.support.AbstractBeanFactory.doGetBean(AbstractBeanFactory.java:321)
	at org.springframework.beans.factory.support.AbstractBeanFactory.getBean(AbstractBeanFactory.java:202)
	at org.springframework.beans.factory.support.DefaultListableBeanFactory.preInstantiateSingletons(DefaultListableBeanFactory.java:879)
	at org.springframework.context.support.AbstractApplicationContext.finishBeanFactoryInitialization(AbstractApplicationContext.java:878)
	at org.springframework.context.support.AbstractApplicationContext.refresh(AbstractApplicationContext.java:550)
	at org.springframework.test.context.web.AbstractGenericWebContextLoader.loadContext(AbstractGenericWebContextLoader.java:134)
	at org.springframework.test.context.web.AbstractGenericWebContextLoader.loadContext(AbstractGenericWebContextLoader.java:61)
	at org.springframework.test.context.support.AbstractDelegatingSmartContextLoader.delegateLoading(AbstractDelegatingSmartContextLoader.java:108)
	at org.springframework.test.context.support.AbstractDelegatingSmartContextLoader.loadContext(AbstractDelegatingSmartContextLoader.java:251)
	at org.springframework.test.context.cache.DefaultCacheAwareContextLoaderDelegate.loadContextInternal(DefaultCacheAwareContextLoaderDelegate.java:98)
	at org.springframework.test.context.cache.DefaultCacheAwareContextLoaderDelegate.loadContext(DefaultCacheAwareContextLoaderDelegate.java:116)
	... 26 common frames omitted
Caused by: org.springframework.beans.factory.BeanCreationException: Error creating bean with name 'busServiceImpl' defined in com.epam.buscompany.config.AppConfig: Bean instantiation via factory method failed; nested exception is org.springframework.beans.BeanInstantiationException: Failed to instantiate [com.epam.buscompany.service.impl.BusServiceImpl]: Factory method 'busService' threw exception; nested exception is org.springframework.beans.factory.UnsatisfiedDependencyException: Error creating bean with name 'busDaoImpl': Unsatisfied dependency expressed through field 'sessionFactory'; nested exception is org.springframework.beans.factory.BeanCreationException: Error creating bean with name 'sessionFactory' defined in com.epam.buscompany.config.AppConfig: Bean instantiation via factory method failed; nested exception is org.springframework.beans.BeanInstantiationException: Failed to instantiate [org.hibernate.SessionFactory]: Factory method 'sessionFactory' threw exception; nested exception is org.hibernate.MappingException: Could not instantiate id generator [entity-name=com.epam.buscompany.model.entity.Stage]
	at org.springframework.beans.factory.support.ConstructorResolver.instantiate(ConstructorResolver.java:645)
	at org.springframework.beans.factory.support.ConstructorResolver.instantiateUsingFactoryMethod(ConstructorResolver.java:475)
	at org.springframework.beans.factory.support.AbstractAutowireCapableBeanFactory.instantiateUsingFactoryMethod(AbstractAutowireCapableBeanFactory.java:1338)
	at org.springframework.beans.factory.support.AbstractAutowireCapableBeanFactory.createBeanInstance(AbstractAutowireCapableBeanFactory.java:1177)
	at org.springframework.beans.factory.support.AbstractAutowireCapableBeanFactory.doCreateBean(AbstractAutowireCapableBeanFactory.java:557)
	at org.springframework.beans.factory.support.AbstractAutowireCapableBeanFactory.createBean(AbstractAutowireCapableBeanFactory.java:517)
	at org.springframework.beans.factory.support.AbstractBeanFactory.lambda$doGetBean$0(AbstractBeanFactory.java:323)
	at org.springframework.beans.factory.support.DefaultSingletonBeanRegistry.getSingleton(DefaultSingletonBeanRegistry.java:222)
	at org.springframework.beans.factory.support.AbstractBeanFactory.doGetBean(AbstractBeanFactory.java:321)
	at org.springframework.beans.factory.support.AbstractBeanFactory.getBean(AbstractBeanFactory.java:202)
	at org.springframework.beans.factory.config.DependencyDescriptor.resolveCandidate(DependencyDescriptor.java:276)
	at org.springframework.beans.factory.support.DefaultListableBeanFactory.doResolveDependency(DefaultListableBeanFactory.java:1287)
	at org.springframework.beans.factory.support.DefaultListableBeanFactory.resolveDependency(DefaultListableBeanFactory.java:1207)
	at org.springframework.beans.factory.annotation.AutowiredAnnotationBeanPostProcessor$AutowiredFieldElement.inject(AutowiredAnnotationBeanPostProcessor.java:636)
	... 44 common frames omitted
Caused by: org.springframework.beans.BeanInstantiationException: Failed to instantiate [com.epam.buscompany.service.impl.BusServiceImpl]: Factory method 'busService' threw exception; nested exception is org.springframework.beans.factory.UnsatisfiedDependencyException: Error creating bean with name 'busDaoImpl': Unsatisfied dependency expressed through field 'sessionFactory'; nested exception is org.springframework.beans.factory.BeanCreationException: Error creating bean with name 'sessionFactory' defined in com.epam.buscompany.config.AppConfig: Bean instantiation via factory method failed; nested exception is org.springframework.beans.BeanInstantiationException: Failed to instantiate [org.hibernate.SessionFactory]: Factory method 'sessionFactory' threw exception; nested exception is org.hibernate.MappingException: Could not instantiate id generator [entity-name=com.epam.buscompany.model.entity.Stage]
	at org.springframework.beans.factory.support.SimpleInstantiationStrategy.instantiate(SimpleInstantiationStrategy.java:185)
	at org.springframework.beans.factory.support.ConstructorResolver.instantiate(ConstructorResolver.java:640)
	... 57 common frames omitted
Caused by: org.springframework.beans.factory.UnsatisfiedDependencyException: Error creating bean with name 'busDaoImpl': Unsatisfied dependency expressed through field 'sessionFactory'; nested exception is org.springframework.beans.factory.BeanCreationException: Error creating bean with name 'sessionFactory' defined in com.epam.buscompany.config.AppConfig: Bean instantiation via factory method failed; nested exception is org.springframework.beans.BeanInstantiationException: Failed to instantiate [org.hibernate.SessionFactory]: Factory method 'sessionFactory' threw exception; nested exception is org.hibernate.MappingException: Could not instantiate id generator [entity-name=com.epam.buscompany.model.entity.Stage]
	at org.springframework.beans.factory.annotation.AutowiredAnnotationBeanPostProcessor$AutowiredFieldElement.inject(AutowiredAnnotationBeanPostProcessor.java:639)
	at org.springframework.beans.factory.annotation.InjectionMetadata.inject(InjectionMetadata.java:116)
	at org.springframework.beans.factory.annotation.AutowiredAnnotationBeanPostProcessor.postProcessProperties(AutowiredAnnotationBeanPostProcessor.java:397)
	at org.springframework.beans.factory.support.AbstractAutowireCapableBeanFactory.populateBean(AbstractAutowireCapableBeanFactory.java:1429)
	at org.springframework.beans.factory.support.AbstractAutowireCapableBeanFactory.doCreateBean(AbstractAutowireCapableBeanFactory.java:594)
	at org.springframework.beans.factory.support.AbstractAutowireCapableBeanFactory.createBean(AbstractAutowireCapableBeanFactory.java:517)
	at org.springframework.beans.factory.support.AbstractBeanFactory.lambda$doGetBean$0(AbstractBeanFactory.java:323)
	at org.springframework.beans.factory.support.DefaultSingletonBeanRegistry.getSingleton(DefaultSingletonBeanRegistry.java:222)
	at org.springframework.beans.factory.support.AbstractBeanFactory.doGetBean(AbstractBeanFactory.java:321)
	at org.springframework.beans.factory.support.AbstractBeanFactory.getBean(AbstractBeanFactory.java:202)
	at org.springframework.context.annotation.ConfigurationClassEnhancer$BeanMethodInterceptor.resolveBeanReference(ConfigurationClassEnhancer.java:394)
	at org.springframework.context.annotation.ConfigurationClassEnhancer$BeanMethodInterceptor.intercept(ConfigurationClassEnhancer.java:366)
	at com.epam.buscompany.config.AppConfig$$EnhancerBySpringCGLIB$$7130df59.busDao(<generated>)
	at com.epam.buscompany.config.AppConfig.busService(AppConfig.java:199)
	at com.epam.buscompany.config.AppConfig$$EnhancerBySpringCGLIB$$7130df59.CGLIB$busService$4(<generated>)
	at com.epam.buscompany.config.AppConfig$$EnhancerBySpringCGLIB$$7130df59$$FastClassBySpringCGLIB$$8a53fd98.invoke(<generated>)
	at org.springframework.cglib.proxy.MethodProxy.invokeSuper(MethodProxy.java:244)
	at org.springframework.context.annotation.ConfigurationClassEnhancer$BeanMethodInterceptor.intercept(ConfigurationClassEnhancer.java:363)
	at com.epam.buscompany.config.AppConfig$$EnhancerBySpringCGLIB$$7130df59.busService(<generated>)
	at java.base/jdk.internal.reflect.NativeMethodAccessorImpl.invoke0(Native Method)
	at java.base/jdk.internal.reflect.NativeMethodAccessorImpl.invoke(NativeMethodAccessorImpl.java:62)
	at java.base/jdk.internal.reflect.DelegatingMethodAccessorImpl.invoke(DelegatingMethodAccessorImpl.java:43)
	at java.base/java.lang.reflect.Method.invoke(Method.java:566)
	at org.springframework.beans.factory.support.SimpleInstantiationStrategy.instantiate(SimpleInstantiationStrategy.java:154)
	... 58 common frames omitted
Caused by: org.springframework.beans.factory.BeanCreationException: Error creating bean with name 'sessionFactory' defined in com.epam.buscompany.config.AppConfig: Bean instantiation via factory method failed; nested exception is org.springframework.beans.BeanInstantiationException: Failed to instantiate [org.hibernate.SessionFactory]: Factory method 'sessionFactory' threw exception; nested exception is org.hibernate.MappingException: Could not instantiate id generator [entity-name=com.epam.buscompany.model.entity.Stage]
	at org.springframework.beans.factory.support.ConstructorResolver.instantiate(ConstructorResolver.java:645)
	at org.springframework.beans.factory.support.ConstructorResolver.instantiateUsingFactoryMethod(ConstructorResolver.java:475)
	at org.springframework.beans.factory.support.AbstractAutowireCapableBeanFactory.instantiateUsingFactoryMethod(AbstractAutowireCapableBeanFactory.java:1338)
	at org.springframework.beans.factory.support.AbstractAutowireCapableBeanFactory.createBeanInstance(AbstractAutowireCapableBeanFactory.java:1177)
	at org.springframework.beans.factory.support.AbstractAutowireCapableBeanFactory.doCreateBean(AbstractAutowireCapableBeanFactory.java:557)
	at org.springframework.beans.factory.support.AbstractAutowireCapableBeanFactory.createBean(AbstractAutowireCapableBeanFactory.java:517)
	at org.springframework.beans.factory.support.AbstractBeanFactory.lambda$doGetBean$0(AbstractBeanFactory.java:323)
	at org.springframework.beans.factory.support.DefaultSingletonBeanRegistry.getSingleton(DefaultSingletonBeanRegistry.java:222)
	at org.springframework.beans.factory.support.AbstractBeanFactory.doGetBean(AbstractBeanFactory.java:321)
	at org.springframework.beans.factory.support.AbstractBeanFactory.getBean(AbstractBeanFactory.java:202)
	at org.springframework.beans.factory.config.DependencyDescriptor.resolveCandidate(DependencyDescriptor.java:276)
	at org.springframework.beans.factory.support.DefaultListableBeanFactory.doResolveDependency(DefaultListableBeanFactory.java:1287)
	at org.springframework.beans.factory.support.DefaultListableBeanFactory.resolveDependency(DefaultListableBeanFactory.java:1207)
	at org.springframework.beans.factory.annotation.AutowiredAnnotationBeanPostProcessor$AutowiredFieldElement.inject(AutowiredAnnotationBeanPostProcessor.java:636)
	... 81 common frames omitted
Caused by: org.springframework.beans.BeanInstantiationException: Failed to instantiate [org.hibernate.SessionFactory]: Factory method 'sessionFactory' threw exception; nested exception is org.hibernate.MappingException: Could not instantiate id generator [entity-name=com.epam.buscompany.model.entity.Stage]
	at org.springframework.beans.factory.support.SimpleInstantiationStrategy.instantiate(SimpleInstantiationStrategy.java:185)
	at org.springframework.beans.factory.support.ConstructorResolver.instantiate(ConstructorResolver.java:640)
	... 94 common frames omitted
Caused by: org.hibernate.MappingException: Could not instantiate id generator [entity-name=com.epam.buscompany.model.entity.Stage]
	at org.hibernate.id.factory.internal.DefaultIdentifierGeneratorFactory.createIdentifierGenerator(DefaultIdentifierGeneratorFactory.java:124)
	at org.hibernate.mapping.SimpleValue.createIdentifierGenerator(SimpleValue.java:342)
	at org.hibernate.internal.SessionFactoryImpl.lambda$new$1(SessionFactoryImpl.java:281)
	at java.base/java.util.stream.ForEachOps$ForEachOp$OfRef.accept(ForEachOps.java:183)
	at java.base/java.util.stream.ReferencePipeline$2$1.accept(ReferencePipeline.java:177)
	at java.base/java.util.HashMap$ValueSpliterator.forEachRemaining(HashMap.java:1675)
	at java.base/java.util.stream.AbstractPipeline.copyInto(AbstractPipeline.java:484)
	at java.base/java.util.stream.AbstractPipeline.wrapAndCopyInto(AbstractPipeline.java:474)
	at java.base/java.util.stream.ForEachOps$ForEachOp.evaluateSequential(ForEachOps.java:150)
	at java.base/java.util.stream.ForEachOps$ForEachOp$OfRef.evaluateSequential(ForEachOps.java:173)
	at java.base/java.util.stream.AbstractPipeline.evaluate(AbstractPipeline.java:234)
	at java.base/java.util.stream.ReferencePipeline.forEach(ReferencePipeline.java:497)
	at org.hibernate.internal.SessionFactoryImpl.<init>(SessionFactoryImpl.java:280)
	at org.hibernate.boot.internal.SessionFactoryBuilderImpl.build(SessionFactoryBuilderImpl.java:462)
	at org.hibernate.cfg.Configuration.buildSessionFactory(Configuration.java:708)
	at org.hibernate.cfg.Configuration.buildSessionFactory(Configuration.java:724)
	at org.springframework.orm.hibernate5.LocalSessionFactoryBean.buildSessionFactory(LocalSessionFactoryBean.java:616)
	at org.springframework.orm.hibernate5.LocalSessionFactoryBean.afterPropertiesSet(LocalSessionFactoryBean.java:600)
	at com.epam.buscompany.config.AppConfig.sessionFactory(AppConfig.java:127)
	at com.epam.buscompany.config.AppConfig$$EnhancerBySpringCGLIB$$7130df59.CGLIB$sessionFactory$1(<generated>)
	at com.epam.buscompany.config.AppConfig$$EnhancerBySpringCGLIB$$7130df59$$FastClassBySpringCGLIB$$8a53fd98.invoke(<generated>)
	at org.springframework.cglib.proxy.MethodProxy.invokeSuper(MethodProxy.java:244)
	at org.springframework.context.annotation.ConfigurationClassEnhancer$BeanMethodInterceptor.intercept(ConfigurationClassEnhancer.java:363)
	at com.epam.buscompany.config.AppConfig$$EnhancerBySpringCGLIB$$7130df59.sessionFactory(<generated>)
	at java.base/jdk.internal.reflect.NativeMethodAccessorImpl.invoke0(Native Method)
	at java.base/jdk.internal.reflect.NativeMethodAccessorImpl.invoke(NativeMethodAccessorImpl.java:62)
	at java.base/jdk.internal.reflect.DelegatingMethodAccessorImpl.invoke(DelegatingMethodAccessorImpl.java:43)
	at java.base/java.lang.reflect.Method.invoke(Method.java:566)
	at org.springframework.beans.factory.support.SimpleInstantiationStrategy.instantiate(SimpleInstantiationStrategy.java:154)
	... 95 common frames omitted
Caused by: org.hibernate.MappingException: The increment size of the [stage_id] sequence is set to [50] in the entity mapping while the associated database sequence increment size is [1].
	at org.hibernate.id.enhanced.SequenceStyleGenerator.configure(SequenceStyleGenerator.java:257)
	at org.hibernate.id.factory.internal.DefaultIdentifierGeneratorFactory.createIdentifierGenerator(DefaultIdentifierGeneratorFactory.java:118)
	... 123 common frames omitted
2019-12-01 20:38:32,543 DEBUG com.epam.buscompany.service.aspect.LoggingAspect [main] Running method:findByNumber
2019-12-01 20:38:32,786 DEBUG com.epam.buscompany.service.aspect.LoggingAspect [main] Running method:findByRegisterNumber
2019-12-01 20:38:32,851 DEBUG com.epam.buscompany.service.aspect.LoggingAspect [main] Running method:findByNumber
2019-12-01 20:38:33,360 DEBUG com.epam.buscompany.service.aspect.LoggingAspect [main] Finished method:findByNumber
2019-12-01 20:38:33,374 DEBUG com.epam.buscompany.service.aspect.LoggingAspect [main] Finished method:findByRegisterNumber
2019-12-01 20:38:33,716 DEBUG com.epam.buscompany.service.aspect.LoggingAspect [main] Running method:getBusList
2019-12-01 20:38:33,718 DEBUG com.epam.buscompany.service.aspect.LoggingAspect [main] Running method:findAll
2019-12-01 20:38:34,280 DEBUG com.epam.buscompany.service.aspect.LoggingAspect [main] Finished method:findAll
2019-12-01 20:38:34,282 DEBUG com.epam.buscompany.service.aspect.LoggingAspect [main] Finished method:getBusList
2019-12-01 20:38:34,303 DEBUG com.epam.buscompany.service.aspect.LoggingAspect [main] Running method:findAll
2019-12-01 20:38:34,460 DEBUG com.epam.buscompany.service.aspect.LoggingAspect [main] Finished method:findAll
2019-12-01 20:38:34,811 DEBUG com.epam.buscompany.service.aspect.LoggingAspect [main] Running method:checkForBooking
2019-12-01 20:38:34,836 DEBUG com.epam.buscompany.service.aspect.LoggingAspect [main] Running method:findByNumber
2019-12-01 20:38:35,077 DEBUG com.epam.buscompany.service.aspect.LoggingAspect [main] Finished method:findByNumber
2019-12-01 20:38:35,088 DEBUG com.epam.buscompany.service.aspect.LoggingAspect [main] Finished method:checkForBooking
2019-12-01 20:38:35,127 DEBUG com.epam.buscompany.service.aspect.LoggingAspect [main] Running method:deleteRoute
2019-12-01 20:38:35,148 DEBUG com.epam.buscompany.service.aspect.LoggingAspect [main] Running method:remove
2019-12-01 20:38:35,226 DEBUG com.epam.buscompany.service.aspect.LoggingAspect [main] Finished method:remove
2019-12-01 20:38:35,228 DEBUG com.epam.buscompany.service.aspect.LoggingAspect [main] Finished method:deleteRoute
2019-12-01 20:38:35,235 DEBUG com.epam.buscompany.service.aspect.LoggingAspect [main] Running method:getBusList
2019-12-01 20:38:35,237 DEBUG com.epam.buscompany.service.aspect.LoggingAspect [main] Running method:findAll
2019-12-01 20:38:35,491 DEBUG com.epam.buscompany.service.aspect.LoggingAspect [main] Finished method:findAll
2019-12-01 20:38:35,494 DEBUG com.epam.buscompany.service.aspect.LoggingAspect [main] Finished method:getBusList
2019-12-01 20:38:35,499 DEBUG com.epam.buscompany.service.aspect.LoggingAspect [main] Running method:findAll
2019-12-01 20:38:35,717 DEBUG com.epam.buscompany.service.aspect.LoggingAspect [main] Finished method:findAll
2019-12-01 20:38:35,744 DEBUG com.epam.buscompany.service.aspect.LoggingAspect [main] Running method:postRoute
2019-12-01 20:38:35,790 DEBUG com.epam.buscompany.service.aspect.LoggingAspect [main] Running method:create
2019-12-01 20:38:35,816 DEBUG com.epam.buscompany.service.aspect.LoggingAspect [main] Finished method:create
2019-12-01 20:38:35,843 DEBUG com.epam.buscompany.service.aspect.LoggingAspect [main] Finished method:postRoute
2019-12-01 20:38:35,858 DEBUG com.epam.buscompany.service.aspect.LoggingAspect [main] Running method:findByRouteNumber
2019-12-01 20:38:35,860 DEBUG com.epam.buscompany.service.aspect.LoggingAspect [main] Running method:findByNumber
2019-12-01 20:38:36,075 DEBUG com.epam.buscompany.service.aspect.LoggingAspect [main] Finished method:findByNumber
2019-12-01 20:38:36,077 DEBUG com.epam.buscompany.service.aspect.LoggingAspect [main] Finished method:findByRouteNumber
2019-12-01 20:38:38,548 ERROR org.hibernate.engine.jdbc.spi.SqlExceptionHelper [main] ОШИБКА: повторяющееся значение ключа нарушает ограничение уникальности "route_number"
  Подробности: Ключ "(route_number)=(99)" уже существует.
2019-12-01 20:38:43,644 ERROR org.hibernate.engine.jdbc.spi.SqlExceptionHelper [main] ОШИБКА: повторяющееся значение ключа нарушает ограничение уникальности "route_number"
  Подробности: Ключ "(route_number)=(99)" уже существует.
2019-12-01 20:42:56,622 DEBUG com.epam.buscompany.service.aspect.LoggingAspect [main] Running method:findByNumber
2019-12-01 20:42:56,864 DEBUG com.epam.buscompany.service.aspect.LoggingAspect [main] Running method:findByRegisterNumber
2019-12-01 20:42:56,940 DEBUG com.epam.buscompany.service.aspect.LoggingAspect [main] Running method:findByNumber
2019-12-01 20:42:57,455 DEBUG com.epam.buscompany.service.aspect.LoggingAspect [main] Finished method:findByNumber
2019-12-01 20:42:57,493 DEBUG com.epam.buscompany.service.aspect.LoggingAspect [main] Finished method:findByRegisterNumber
2019-12-01 20:42:57,799 DEBUG com.epam.buscompany.service.aspect.LoggingAspect [main] Running method:getBusList
2019-12-01 20:42:57,806 DEBUG com.epam.buscompany.service.aspect.LoggingAspect [main] Running method:findAll
2019-12-01 20:42:58,371 DEBUG com.epam.buscompany.service.aspect.LoggingAspect [main] Finished method:findAll
2019-12-01 20:42:58,373 DEBUG com.epam.buscompany.service.aspect.LoggingAspect [main] Finished method:getBusList
2019-12-01 20:42:58,387 DEBUG com.epam.buscompany.service.aspect.LoggingAspect [main] Running method:findAll
2019-12-01 20:42:58,559 DEBUG com.epam.buscompany.service.aspect.LoggingAspect [main] Finished method:findAll
2019-12-01 20:42:58,909 DEBUG com.epam.buscompany.service.aspect.LoggingAspect [main] Running method:checkForBooking
2019-12-01 20:42:58,915 DEBUG com.epam.buscompany.service.aspect.LoggingAspect [main] Running method:findByNumber
2019-12-01 20:42:59,158 DEBUG com.epam.buscompany.service.aspect.LoggingAspect [main] Finished method:findByNumber
2019-12-01 20:42:59,170 DEBUG com.epam.buscompany.service.aspect.LoggingAspect [main] Finished method:checkForBooking
2019-12-01 20:42:59,195 DEBUG com.epam.buscompany.service.aspect.LoggingAspect [main] Running method:deleteRoute
2019-12-01 20:42:59,254 DEBUG com.epam.buscompany.service.aspect.LoggingAspect [main] Running method:remove
2019-12-01 20:42:59,293 DEBUG com.epam.buscompany.service.aspect.LoggingAspect [main] Finished method:remove
2019-12-01 20:42:59,294 DEBUG com.epam.buscompany.service.aspect.LoggingAspect [main] Finished method:deleteRoute
2019-12-01 20:42:59,301 DEBUG com.epam.buscompany.service.aspect.LoggingAspect [main] Running method:getBusList
2019-12-01 20:42:59,303 DEBUG com.epam.buscompany.service.aspect.LoggingAspect [main] Running method:findAll
2019-12-01 20:42:59,514 DEBUG com.epam.buscompany.service.aspect.LoggingAspect [main] Finished method:findAll
2019-12-01 20:42:59,515 DEBUG com.epam.buscompany.service.aspect.LoggingAspect [main] Finished method:getBusList
2019-12-01 20:42:59,520 DEBUG com.epam.buscompany.service.aspect.LoggingAspect [main] Running method:findAll
2019-12-01 20:42:59,707 DEBUG com.epam.buscompany.service.aspect.LoggingAspect [main] Finished method:findAll
2019-12-01 20:42:59,734 DEBUG com.epam.buscompany.service.aspect.LoggingAspect [main] Running method:postRoute
2019-12-01 20:42:59,745 DEBUG com.epam.buscompany.service.aspect.LoggingAspect [main] Running method:create
2019-12-01 20:42:59,783 DEBUG com.epam.buscompany.service.aspect.LoggingAspect [main] Finished method:create
2019-12-01 20:42:59,807 DEBUG com.epam.buscompany.service.aspect.LoggingAspect [main] Finished method:postRoute
2019-12-01 20:42:59,817 DEBUG com.epam.buscompany.service.aspect.LoggingAspect [main] Running method:findByRouteNumber
2019-12-01 20:42:59,819 DEBUG com.epam.buscompany.service.aspect.LoggingAspect [main] Running method:findByNumber
2019-12-01 20:43:00,027 DEBUG com.epam.buscompany.service.aspect.LoggingAspect [main] Finished method:findByNumber
2019-12-01 20:43:00,030 DEBUG com.epam.buscompany.service.aspect.LoggingAspect [main] Finished method:findByRouteNumber
2019-12-01 20:43:01,546 ERROR org.hibernate.engine.jdbc.spi.SqlExceptionHelper [main] ОШИБКА: повторяющееся значение ключа нарушает ограничение уникальности "route_number"
  Подробности: Ключ "(route_number)=(99)" уже существует.
2019-12-01 20:43:07,230 ERROR org.hibernate.engine.jdbc.spi.SqlExceptionHelper [main] ОШИБКА: повторяющееся значение ключа нарушает ограничение уникальности "route_number"
  Подробности: Ключ "(route_number)=(99)" уже существует.
2019-12-01 20:46:49,503 DEBUG com.epam.buscompany.service.aspect.LoggingAspect [main] Running method:findByNumber
2019-12-01 20:46:49,803 DEBUG com.epam.buscompany.service.aspect.LoggingAspect [main] Running method:findByRegisterNumber
2019-12-01 20:46:49,912 DEBUG com.epam.buscompany.service.aspect.LoggingAspect [main] Running method:findByNumber
2019-12-01 20:46:50,561 DEBUG com.epam.buscompany.service.aspect.LoggingAspect [main] Finished method:findByNumber
2019-12-01 20:46:50,577 DEBUG com.epam.buscompany.service.aspect.LoggingAspect [main] Finished method:findByRegisterNumber
2019-12-01 20:46:50,874 DEBUG com.epam.buscompany.service.aspect.LoggingAspect [main] Running method:getBusList
2019-12-01 20:46:50,875 DEBUG com.epam.buscompany.service.aspect.LoggingAspect [main] Running method:findAll
2019-12-01 20:46:51,414 DEBUG com.epam.buscompany.service.aspect.LoggingAspect [main] Finished method:findAll
2019-12-01 20:46:51,416 DEBUG com.epam.buscompany.service.aspect.LoggingAspect [main] Finished method:getBusList
2019-12-01 20:46:51,430 DEBUG com.epam.buscompany.service.aspect.LoggingAspect [main] Running method:findAll
2019-12-01 20:46:51,597 DEBUG com.epam.buscompany.service.aspect.LoggingAspect [main] Finished method:findAll
2019-12-01 20:46:51,910 DEBUG com.epam.buscompany.service.aspect.LoggingAspect [main] Running method:checkForBooking
2019-12-01 20:46:51,912 DEBUG com.epam.buscompany.service.aspect.LoggingAspect [main] Running method:findByNumber
2019-12-01 20:46:52,148 DEBUG com.epam.buscompany.service.aspect.LoggingAspect [main] Finished method:findByNumber
2019-12-01 20:46:52,162 DEBUG com.epam.buscompany.service.aspect.LoggingAspect [main] Finished method:checkForBooking
2019-12-01 20:46:52,203 DEBUG com.epam.buscompany.service.aspect.LoggingAspect [main] Running method:deleteRoute
2019-12-01 20:46:52,279 DEBUG com.epam.buscompany.service.aspect.LoggingAspect [main] Running method:remove
2019-12-01 20:46:52,352 DEBUG com.epam.buscompany.service.aspect.LoggingAspect [main] Finished method:remove
2019-12-01 20:46:52,361 DEBUG com.epam.buscompany.service.aspect.LoggingAspect [main] Finished method:deleteRoute
2019-12-01 20:46:52,381 DEBUG com.epam.buscompany.service.aspect.LoggingAspect [main] Running method:getBusList
2019-12-01 20:46:52,384 DEBUG com.epam.buscompany.service.aspect.LoggingAspect [main] Running method:findAll
2019-12-01 20:46:52,767 DEBUG com.epam.buscompany.service.aspect.LoggingAspect [main] Finished method:findAll
2019-12-01 20:46:52,770 DEBUG com.epam.buscompany.service.aspect.LoggingAspect [main] Finished method:getBusList
2019-12-01 20:46:52,791 DEBUG com.epam.buscompany.service.aspect.LoggingAspect [main] Running method:findAll
2019-12-01 20:46:53,226 DEBUG com.epam.buscompany.service.aspect.LoggingAspect [main] Finished method:findAll
2019-12-01 20:46:53,301 DEBUG com.epam.buscompany.service.aspect.LoggingAspect [main] Running method:postRoute
2019-12-01 20:46:53,339 DEBUG com.epam.buscompany.service.aspect.LoggingAspect [main] Running method:create
2019-12-01 20:46:53,366 DEBUG com.epam.buscompany.service.aspect.LoggingAspect [main] Finished method:create
2019-12-01 20:46:53,513 DEBUG com.epam.buscompany.service.aspect.LoggingAspect [main] Finished method:postRoute
2019-12-01 20:46:53,526 DEBUG com.epam.buscompany.service.aspect.LoggingAspect [main] Running method:findByRouteNumber
2019-12-01 20:46:53,528 DEBUG com.epam.buscompany.service.aspect.LoggingAspect [main] Running method:findByNumber
2019-12-01 20:46:53,810 DEBUG com.epam.buscompany.service.aspect.LoggingAspect [main] Finished method:findByNumber
2019-12-01 20:46:53,813 DEBUG com.epam.buscompany.service.aspect.LoggingAspect [main] Finished method:findByRouteNumber
2019-12-01 20:47:04,194 ERROR org.hibernate.engine.jdbc.spi.SqlExceptionHelper [main] ОШИБКА: повторяющееся значение ключа нарушает ограничение уникальности "route_number"
  Подробности: Ключ "(route_number)=(99)" уже существует.
2019-12-01 20:49:36,499 DEBUG com.epam.buscompany.service.aspect.LoggingAspect [main] Running method:findByNumber
2019-12-01 20:49:36,815 DEBUG com.epam.buscompany.service.aspect.LoggingAspect [main] Running method:findByRegisterNumber
2019-12-01 20:49:36,878 DEBUG com.epam.buscompany.service.aspect.LoggingAspect [main] Running method:findByNumber
2019-12-01 20:49:37,529 DEBUG com.epam.buscompany.service.aspect.LoggingAspect [main] Finished method:findByNumber
2019-12-01 20:49:37,543 DEBUG com.epam.buscompany.service.aspect.LoggingAspect [main] Finished method:findByRegisterNumber
2019-12-01 20:49:37,912 DEBUG com.epam.buscompany.service.aspect.LoggingAspect [main] Running method:getBusList
2019-12-01 20:49:37,914 DEBUG com.epam.buscompany.service.aspect.LoggingAspect [main] Running method:findAll
2019-12-01 20:49:38,455 DEBUG com.epam.buscompany.service.aspect.LoggingAspect [main] Finished method:findAll
2019-12-01 20:49:38,457 DEBUG com.epam.buscompany.service.aspect.LoggingAspect [main] Finished method:getBusList
2019-12-01 20:49:38,471 DEBUG com.epam.buscompany.service.aspect.LoggingAspect [main] Running method:findAll
2019-12-01 20:49:38,645 DEBUG com.epam.buscompany.service.aspect.LoggingAspect [main] Finished method:findAll
2019-12-01 20:49:39,017 DEBUG com.epam.buscompany.service.aspect.LoggingAspect [main] Running method:checkForBooking
2019-12-01 20:49:39,030 DEBUG com.epam.buscompany.service.aspect.LoggingAspect [main] Running method:findByNumber
2019-12-01 20:49:39,356 DEBUG com.epam.buscompany.service.aspect.LoggingAspect [main] Finished method:findByNumber
2019-12-01 20:49:39,368 DEBUG com.epam.buscompany.service.aspect.LoggingAspect [main] Finished method:checkForBooking
2019-12-01 20:49:39,416 DEBUG com.epam.buscompany.service.aspect.LoggingAspect [main] Running method:deleteRoute
2019-12-01 20:49:39,505 DEBUG com.epam.buscompany.service.aspect.LoggingAspect [main] Running method:remove
2019-12-01 20:49:39,739 DEBUG com.epam.buscompany.service.aspect.LoggingAspect [main] Finished method:remove
2019-12-01 20:49:39,742 DEBUG com.epam.buscompany.service.aspect.LoggingAspect [main] Finished method:deleteRoute
2019-12-01 20:49:39,749 DEBUG com.epam.buscompany.service.aspect.LoggingAspect [main] Running method:getBusList
2019-12-01 20:49:39,751 DEBUG com.epam.buscompany.service.aspect.LoggingAspect [main] Running method:findAll
2019-12-01 20:49:40,116 DEBUG com.epam.buscompany.service.aspect.LoggingAspect [main] Finished method:findAll
2019-12-01 20:49:40,118 DEBUG com.epam.buscompany.service.aspect.LoggingAspect [main] Finished method:getBusList
2019-12-01 20:49:40,122 DEBUG com.epam.buscompany.service.aspect.LoggingAspect [main] Running method:findAll
2019-12-01 20:49:40,353 DEBUG com.epam.buscompany.service.aspect.LoggingAspect [main] Finished method:findAll
2019-12-01 20:49:40,381 DEBUG com.epam.buscompany.service.aspect.LoggingAspect [main] Running method:postRoute
2019-12-01 20:49:40,393 DEBUG com.epam.buscompany.service.aspect.LoggingAspect [main] Running method:create
2019-12-01 20:49:40,459 DEBUG com.epam.buscompany.service.aspect.LoggingAspect [main] Finished method:create
2019-12-01 20:49:40,592 DEBUG com.epam.buscompany.service.aspect.LoggingAspect [main] Finished method:postRoute
2019-12-01 20:49:40,608 DEBUG com.epam.buscompany.service.aspect.LoggingAspect [main] Running method:findByRouteNumber
2019-12-01 20:49:40,609 DEBUG com.epam.buscompany.service.aspect.LoggingAspect [main] Running method:findByNumber
2019-12-01 20:49:40,888 DEBUG com.epam.buscompany.service.aspect.LoggingAspect [main] Finished method:findByNumber
2019-12-01 20:49:40,891 DEBUG com.epam.buscompany.service.aspect.LoggingAspect [main] Finished method:findByRouteNumber
